<?xml version="1.0"?>
<!DOCTYPE ggobidata SYSTEM "ggobi.dtd">

<ggobidata count="2">
<data name="a">
<description>
This is XML created by GGobi
</description>
<variables count="3">
   <realvariable name="x" nickname="x"/>
   <realvariable name="y" nickname="y"/>
  <categoricalvariable name="cat">
    <levels count="3">
      <level value="1">a</level>
      <level value="2">b</level>
      <level value="3">c</level>
    </levels>
  </categoricalvariable>
</variables>
<records count="9" glyph="fc 1" color="0">
<record id="1" label="1">
1 1 1
</record>
<record id="2" label="2">
2 2 1
</record>
<record id="3" label="3">
3 3 1
</record>
<record id="4" label="4">
4 4 2
</record>
<record id="5" label="5">
5 5 2
</record>
<record id="6" label="6">
6 6 2
</record>
<record id="7" label="7">
7 7 3
</record>
<record id="8" label="8">
8 8 3
</record>
<record id="9" label="9">
9 9 3
</record>
</records>
</data>
<data name="b">
<description>
This is XML created by GGobi
</description>
<variables count="3">
   <realvariable name="x" nickname="x"/>
   <realvariable name="y" nickname="y"/>
  <categoricalvariable name="cat" nickname="ca">
    <levels count="3">
      <level value="1">c</level>
      <level value="2">a</level>
      <level value="3">h</level>
    </levels>
  </categoricalvariable>
</variables>
<records count="9" glyph="fc 1" color="0">
<record id="1" label="1">
1 1 1
</record>
<record id="2" label="2">
2 2 1
</record>
<record id="3" label="3">
3 3 1
</record>
<record id="4" label="4">
4 4 2
</record>
<record id="5" label="5">
5 5 2
</record>
<record id="6" label="6">
6 6 2
</record>
<record id="7" label="7">
7 7 3
</record>
<record id="8" label="8">
8 8 3
</record>
<record id="9" label="9">
9 9 3
</record>
</records>
</data>
</ggobidata>
